2020-08-25 18:38:11,951 INFO  [log] 2 and 3
2020-08-25 18:38:11,973 INFO  [log] Computers & Accessories
2020-08-25 18:38:12,000 INFO  [log] Computers & Accessories
2020-08-25 18:38:12,001 INFO  [log] Description of the Computers & Accessories
2020-08-25 18:38:13,066 INFO  [log] [1791]
2020-08-25 18:38:13,067 INFO  [log] 1791
2020-08-25 18:38:14,002 INFO  [log] 11 and 6
2020-08-25 18:38:14,004 INFO  [log] Dinesh
2020-08-25 18:38:14,007 INFO  [log] Test1
2020-08-25 18:38:14,012 INFO  [log] dineshtest1@gmail.com
2020-08-25 18:38:14,017 INFO  [log] passwordtest1
2020-08-25 18:38:14,022 INFO  [log] passwordtest1
2020-08-25 18:38:14,036 INFO  [log] 1-541-754-3313
2020-08-25 18:38:16,541 INFO  [log] Status: FINISHED, time taken for TestCase was: 2291 ms
2020-08-25 18:38:16,558 INFO  [log] Number of test steps which ran: 6
2020-08-25 18:38:16,569 INFO  [log] Dinesh
2020-08-25 18:38:16,569 INFO  [log] Test2
2020-08-25 18:38:16,570 INFO  [log] dineshtest2@gmail.com
2020-08-25 18:38:16,571 INFO  [log] passwordtest2
2020-08-25 18:38:16,574 INFO  [log] passwordtest2
2020-08-25 18:38:16,575 INFO  [log] 1-541-754-4313
2020-08-25 18:38:19,155 INFO  [log] Status: FINISHED, time taken for TestCase was: 2501 ms
2020-08-25 18:38:19,156 INFO  [log] Number of test steps which ran: 6
2020-08-25 18:38:19,157 INFO  [log] Dinesh
2020-08-25 18:38:19,158 INFO  [log] Test3
2020-08-25 18:38:19,166 INFO  [log] dineshtest3@gmail.com
2020-08-25 18:38:19,167 INFO  [log] passwordtest3
2020-08-25 18:38:19,168 INFO  [log] passwordtest3
2020-08-25 18:38:19,171 INFO  [log] 1-541-754-5313
2020-08-25 18:38:21,620 INFO  [log] Status: FINISHED, time taken for TestCase was: 2355 ms
2020-08-25 18:38:21,630 INFO  [log] Number of test steps which ran: 6
2020-08-25 18:38:21,635 INFO  [log] Dinesh
2020-08-25 18:38:21,642 INFO  [log] Test4
2020-08-25 18:38:21,646 INFO  [log] dineshtest4@gmail.com
2020-08-25 18:38:21,648 INFO  [log] passwordtest4
2020-08-25 18:38:21,652 INFO  [log] passwordtest4
2020-08-25 18:38:21,653 INFO  [log] 1-541-754-6313
2020-08-25 18:38:24,134 INFO  [log] Status: FINISHED, time taken for TestCase was: 2394 ms
2020-08-25 18:38:24,136 INFO  [log] Number of test steps which ran: 6
2020-08-25 18:38:24,137 INFO  [log] Dinesh
2020-08-25 18:38:24,140 INFO  [log] Test5
2020-08-25 18:38:24,151 INFO  [log] dineshtest5@gmail.com
2020-08-25 18:38:24,153 INFO  [log] passwordtest5
2020-08-25 18:38:24,155 INFO  [log] passwordtest5
2020-08-25 18:38:24,159 INFO  [log] 1-541-754-7313
2020-08-25 18:38:26,732 INFO  [log] Status: FINISHED, time taken for TestCase was: 2477 ms
2020-08-25 18:38:26,733 INFO  [log] Number of test steps which ran: 6
2020-08-25 18:38:26,736 INFO  [log] Dinesh
2020-08-25 18:38:26,737 INFO  [log] Test6
2020-08-25 18:38:26,745 INFO  [log] dineshtest6@gmail.com
2020-08-25 18:38:26,748 INFO  [log] passwordtest6
2020-08-25 18:38:26,749 INFO  [log] passwordtest6
2020-08-25 18:38:26,754 INFO  [log] 1-541-754-8313
2020-08-25 18:38:29,438 INFO  [log] Status: FINISHED, time taken for TestCase was: 2614 ms
2020-08-25 18:38:29,442 INFO  [log] Number of test steps which ran: 6
2020-08-25 18:38:29,444 INFO  [log] Dinesh
2020-08-25 18:38:29,445 INFO  [log] Test7
2020-08-25 18:38:29,448 INFO  [log] dineshtest7@gmail.com
2020-08-25 18:38:29,450 INFO  [log] passwordtest7
2020-08-25 18:38:29,453 INFO  [log] passwordtest7
2020-08-25 18:38:29,455 INFO  [log] 1-541-754-9313
2020-08-25 18:38:32,127 INFO  [log] Status: FINISHED, time taken for TestCase was: 2592 ms
2020-08-25 18:38:32,131 INFO  [log] Number of test steps which ran: 6
2020-08-25 18:38:32,132 INFO  [log] Dinesh
2020-08-25 18:38:32,132 INFO  [log] Test8
2020-08-25 18:38:32,133 INFO  [log] dineshtest8@gmail.com
2020-08-25 18:38:32,136 INFO  [log] passwordtest8
2020-08-25 18:38:32,137 INFO  [log] passwordtest8
2020-08-25 18:38:32,143 INFO  [log] 1-541-754-10313
2020-08-25 18:38:35,383 INFO  [log] Status: FINISHED, time taken for TestCase was: 3136 ms
2020-08-25 18:38:35,388 INFO  [log] Number of test steps which ran: 6
2020-08-25 18:38:35,389 INFO  [log] Dinesh
2020-08-25 18:38:35,392 INFO  [log] Test9
2020-08-25 18:38:35,392 INFO  [log] dineshtest9@gmail.com
2020-08-25 18:38:35,397 INFO  [log] passwordtest9
2020-08-25 18:38:35,397 INFO  [log] passwordtest9
2020-08-25 18:38:35,398 INFO  [log] 1-541-754-11313
2020-08-25 18:38:38,438 INFO  [log] Status: FINISHED, time taken for TestCase was: 2961 ms
2020-08-25 18:38:38,440 INFO  [log] Number of test steps which ran: 6
2020-08-25 18:38:38,441 INFO  [log] Dinesh
2020-08-25 18:38:38,444 INFO  [log] Test100
2020-08-25 18:38:38,445 INFO  [log] dineshtest100@gmail.com
2020-08-25 18:38:38,447 INFO  [log] passwordtest100
2020-08-25 18:38:38,448 INFO  [log] passwordtest100
2020-08-25 18:38:38,450 INFO  [log] 1-541-754-12313
2020-08-25 18:38:41,161 INFO  [log] Status: FINISHED, time taken for TestCase was: 2622 ms
2020-08-25 18:38:41,163 INFO  [log] Number of test steps which ran: 6
2020-08-25 18:38:41,567 INFO  [log] 11 and 6
2020-08-25 18:38:41,568 INFO  [log] Dinesh
2020-08-25 18:38:41,577 INFO  [log] Test11
2020-08-25 18:38:41,580 INFO  [log] dineshtest11@gmail.com
2020-08-25 18:38:41,582 INFO  [log] passwordtest11
2020-08-25 18:38:41,585 INFO  [log] passwordtest11
2020-08-25 18:38:41,591 INFO  [log] 1-541-754-3313
2020-08-25 18:38:44,581 INFO  [log] Status: FINISHED, time taken for TestCase was: 2867 ms
2020-08-25 18:38:44,585 INFO  [log] Number of test steps which ran: 7
2020-08-25 18:38:44,592 INFO  [log] Dinesh
2020-08-25 18:38:44,594 INFO  [log] Test12
2020-08-25 18:38:44,596 INFO  [log] dineshtest12@gmail.com
2020-08-25 18:38:44,598 INFO  [log] passwordtest12
2020-08-25 18:38:44,602 INFO  [log] passwordtest12
2020-08-25 18:38:44,603 INFO  [log] 1-541-754-4313
2020-08-25 18:38:47,494 INFO  [log] Status: FINISHED, time taken for TestCase was: 2779 ms
2020-08-25 18:38:47,499 INFO  [log] Number of test steps which ran: 7
2020-08-25 18:38:47,499 INFO  [log] Dinesh
2020-08-25 18:38:47,501 INFO  [log] Test13
2020-08-25 18:38:47,504 INFO  [log] dineshtest13@gmail.com
2020-08-25 18:38:47,504 INFO  [log] passwordtest13
2020-08-25 18:38:47,509 INFO  [log] passwordtest13
2020-08-25 18:38:47,510 INFO  [log] 1-541-754-5313
2020-08-25 18:38:50,687 INFO  [log] Status: FINISHED, time taken for TestCase was: 3105 ms
2020-08-25 18:38:50,692 INFO  [log] Number of test steps which ran: 7
2020-08-25 18:38:50,693 INFO  [log] Dinesh
2020-08-25 18:38:50,693 INFO  [log] Test14
2020-08-25 18:38:50,694 INFO  [log] dineshtest14@gmail.com
2020-08-25 18:38:50,695 INFO  [log] passwordtest14
2020-08-25 18:38:50,697 INFO  [log] passwordtest14
2020-08-25 18:38:50,700 INFO  [log] 1-541-754-6313
2020-08-25 18:38:53,396 INFO  [log] Status: FINISHED, time taken for TestCase was: 2624 ms
2020-08-25 18:38:53,400 INFO  [log] Number of test steps which ran: 7
2020-08-25 18:38:53,401 INFO  [log] Dinesh
2020-08-25 18:38:53,403 INFO  [log] Test15
2020-08-25 18:38:53,404 INFO  [log] dineshtest15@gmail.com
2020-08-25 18:38:53,408 INFO  [log] passwordtest15
2020-08-25 18:38:53,410 INFO  [log] passwordtest15
2020-08-25 18:38:53,410 INFO  [log] 1-541-754-7313
2020-08-25 18:38:56,819 INFO  [log] Status: FINISHED, time taken for TestCase was: 3344 ms
2020-08-25 18:38:56,820 INFO  [log] Number of test steps which ran: 7
2020-08-25 18:38:56,825 INFO  [log] Dinesh
2020-08-25 18:38:56,825 INFO  [log] Test16
2020-08-25 18:38:56,828 INFO  [log] dineshtest16@gmail.com
2020-08-25 18:38:56,831 INFO  [log] passwordtest16
2020-08-25 18:38:56,832 INFO  [log] passwordtest16
2020-08-25 18:38:56,837 INFO  [log] 1-541-754-8313
2020-08-25 18:38:59,981 INFO  [log] Status: FINISHED, time taken for TestCase was: 3075 ms
2020-08-25 18:38:59,983 INFO  [log] Number of test steps which ran: 7
2020-08-25 18:38:59,987 INFO  [log] Dinesh
2020-08-25 18:38:59,988 INFO  [log] Test17
2020-08-25 18:38:59,991 INFO  [log] dineshtest17@gmail.com
2020-08-25 18:38:59,993 INFO  [log] passwordtest17
2020-08-25 18:38:59,998 INFO  [log] passwordtest17
2020-08-25 18:38:59,998 INFO  [log] 1-541-754-9313
2020-08-25 18:39:03,230 INFO  [log] Status: FINISHED, time taken for TestCase was: 3133 ms
2020-08-25 18:39:03,231 INFO  [log] Number of test steps which ran: 7
2020-08-25 18:39:03,232 INFO  [log] Dinesh
2020-08-25 18:39:03,233 INFO  [log] Test18
2020-08-25 18:39:03,236 INFO  [log] dineshtest18@gmail.com
2020-08-25 18:39:03,242 INFO  [log] passwordtest18
2020-08-25 18:39:03,247 INFO  [log] passwordtest18
2020-08-25 18:39:03,252 INFO  [log] 1-541-754-10313
2020-08-25 18:39:05,849 INFO  [log] Status: FINISHED, time taken for TestCase was: 2520 ms
2020-08-25 18:39:05,852 INFO  [log] Number of test steps which ran: 7
2020-08-25 18:39:05,854 INFO  [log] Dinesh
2020-08-25 18:39:05,862 INFO  [log] Test19
2020-08-25 18:39:05,863 INFO  [log] dineshtest19@gmail.com
2020-08-25 18:39:05,868 INFO  [log] passwordtest19
2020-08-25 18:39:05,870 INFO  [log] passwordtest19
2020-08-25 18:39:05,871 INFO  [log] 1-541-754-11313
2020-08-25 18:39:08,909 INFO  [log] Status: FINISHED, time taken for TestCase was: 2971 ms
2020-08-25 18:39:08,914 INFO  [log] Number of test steps which ran: 7
2020-08-25 18:39:08,914 INFO  [log] Dinesh
2020-08-25 18:39:08,915 INFO  [log] Test20
2020-08-25 18:39:08,916 INFO  [log] dineshtest20@gmail.com
2020-08-25 18:39:08,917 INFO  [log] passwordtest20
2020-08-25 18:39:08,920 INFO  [log] passwordtest20
2020-08-25 18:39:08,926 INFO  [log] 1-541-754-12313
2020-08-25 18:39:12,312 INFO  [log] Status: FINISHED, time taken for TestCase was: 3278 ms
2020-08-25 18:39:12,313 INFO  [log] Number of test steps which ran: 7
